c:\users\grafwol\sandbox\personal_repo\visual studio 2013\unitsofmeasurement\unitsofmeasurement\debug\unitsofmeasurement.pch
c:\users\grafwol\sandbox\personal_repo\visual studio 2013\unitsofmeasurement\unitsofmeasurement\debug\vc120.pdb
c:\users\grafwol\sandbox\personal_repo\visual studio 2013\unitsofmeasurement\unitsofmeasurement\debug\stdafx.obj
c:\users\grafwol\sandbox\personal_repo\visual studio 2013\unitsofmeasurement\unitsofmeasurement\debug\unitsofmeasurement.obj
c:\users\grafwol\sandbox\personal_repo\visual studio 2013\unitsofmeasurement\unitsofmeasurement\debug\iamount.obj
c:\users\grafwol\sandbox\personal_repo\visual studio 2013\unitsofmeasurement\unitsofmeasurement\debug\assemblyinfo.obj
c:\users\grafwol\sandbox\personal_repo\visual studio 2013\unitsofmeasurement\unitsofmeasurement\debug\.netframework,version=v4.5.assemblyattributes.obj
c:\users\grafwol\sandbox\personal_repo\visual studio 2013\unitsofmeasurement\unitsofmeasurement\debug\masse.obj
c:\users\grafwol\sandbox\personal_repo\visual studio 2013\unitsofmeasurement\debug\unitsofmeasurement.dll
c:\users\grafwol\sandbox\personal_repo\visual studio 2013\unitsofmeasurement\debug\unitsofmeasurement.pdb
c:\users\grafwol\sandbox\personal_repo\visual studio 2013\unitsofmeasurement\unitsofmeasurement\debug\app.res
c:\users\grafwol\sandbox\personal_repo\visual studio 2013\unitsofmeasurement\unitsofmeasurement\debug\unitsofmeasurement.vcxprojresolveassemblyreference.cache
c:\users\grafwol\sandbox\personal_repo\visual studio 2013\unitsofmeasurement\unitsofmeasurement\debug\unitsofm.6a87abf0.tlog\cl.command.1.tlog
c:\users\grafwol\sandbox\personal_repo\visual studio 2013\unitsofmeasurement\unitsofmeasurement\debug\unitsofm.6a87abf0.tlog\cl.read.1.tlog
c:\users\grafwol\sandbox\personal_repo\visual studio 2013\unitsofmeasurement\unitsofmeasurement\debug\unitsofm.6a87abf0.tlog\cl.write.1.tlog
c:\users\grafwol\sandbox\personal_repo\visual studio 2013\unitsofmeasurement\unitsofmeasurement\debug\unitsofm.6a87abf0.tlog\link.command.1.tlog
c:\users\grafwol\sandbox\personal_repo\visual studio 2013\unitsofmeasurement\unitsofmeasurement\debug\unitsofm.6a87abf0.tlog\link.read.1.tlog
c:\users\grafwol\sandbox\personal_repo\visual studio 2013\unitsofmeasurement\unitsofmeasurement\debug\unitsofm.6a87abf0.tlog\link.write.1.tlog
c:\users\grafwol\sandbox\personal_repo\visual studio 2013\unitsofmeasurement\unitsofmeasurement\debug\unitsofm.6a87abf0.tlog\metagen.read.1.tlog
c:\users\grafwol\sandbox\personal_repo\visual studio 2013\unitsofmeasurement\unitsofmeasurement\debug\unitsofm.6a87abf0.tlog\metagen.write.1.tlog
c:\users\grafwol\sandbox\personal_repo\visual studio 2013\unitsofmeasurement\unitsofmeasurement\debug\unitsofm.6a87abf0.tlog\rc.command.1.tlog
c:\users\grafwol\sandbox\personal_repo\visual studio 2013\unitsofmeasurement\unitsofmeasurement\debug\unitsofm.6a87abf0.tlog\rc.read.1.tlog
c:\users\grafwol\sandbox\personal_repo\visual studio 2013\unitsofmeasurement\unitsofmeasurement\debug\unitsofm.6a87abf0.tlog\rc.write.1.tlog
c:\users\grafwol\sandbox\personal_repo\visual studio 2013\unitsofmeasurement\unitsofmeasurement\debug\unitsofm.6a87abf0.tlog\rsaenh.dll.bi
c:\users\grafwol\sandbox\personal_repo\visual studio 2013\unitsofmeasurement\unitsofmeasurement\debug\unitsofm.6a87abf0.tlog\tzres.dll.bi
